<?xml version="1.0" encoding="UTF-8"?>
<!-- Generated by org.testng.reporters.JUnitReportReporter -->
<testsuite skipped="0" hostname="DESKTOP-TT2OBQD" name="Main" tests="1" failures="0" timestamp="05 Jun 2020 13:56:18 GMT" time="25.705" errors="0">
  <testcase name="possitiveCredential" time="25.705" classname="Main"/>
</testsuite> <!-- Main -->
